{
  "RSpec": {
    "coverage": {
      "/Users/yainporter/turing_work/1mod/projects/futbol/lib/stat_tracker.rb": {
        "lines": [
          1,
          1,
          1,
          1,
          null,
          1,
          1,
          null,
          1,
          10,
          10,
          10,
          null,
          null,
          1,
          0,
          null,
          null,
          1,
          7442,
          1,
          null,
          null,
          1,
          7442,
          1,
          null,
          null,
          1,
          1,
          14882,
          null,
          1,
          null,
          null,
          1,
          1,
          14882,
          null,
          1,
          null,
          null,
          1,
          1,
          14882,
          null,
          1,
          null,
          null,
          1,
          4,
          4,
          29764,
          null,
          4,
          null,
          null,
          1,
          1,
          7441,
          null,
          1,
          null,
          null,
          1,
          2,
          2,
          12,
          89292,
          null,
          12,
          null,
          2,
          null,
          null,
          1,
          2,
          null,
          null,
          1,
          null,
          1,
          14882,
          null,
          null,
          null
        ]
      },
      "/Users/yainporter/turing_work/1mod/projects/futbol/lib/game.rb": {
        "lines": [
          null,
          1,
          1,
          null,
          null,
          null,
          null,
          null,
          null,
          null,
          null,
          1,
          96735,
          96735,
          96735,
          96735,
          96735,
          96735,
          96735,
          96735,
          null,
          null,
          1,
          13,
          13,
          96733,
          96733,
          96733,
          96733,
          96733,
          96733,
          96733,
          96733,
          96733,
          96733,
          null,
          13,
          null,
          null,
          null,
          null,
          null,
          null,
          null,
          null,
          null,
          null,
          null,
          null,
          null,
          null,
          null,
          null,
          null,
          null,
          null,
          null,
          null,
          null,
          null,
          null,
          null
        ]
      },
      "/Users/yainporter/turing_work/1mod/projects/futbol/lib/teams.rb": {
        "lines": [
          null,
          1,
          1,
          null,
          null,
          1,
          386,
          386,
          null,
          null,
          1,
          12,
          12,
          384,
          384,
          384,
          384,
          null,
          12,
          null,
          null
        ]
      },
      "/Users/yainporter/turing_work/1mod/projects/futbol/lib/game_teams.rb": {
        "lines": [
          null,
          1,
          1,
          null,
          null,
          null,
          null,
          null,
          null,
          null,
          null,
          1,
          178586,
          178586,
          178586,
          178586,
          178586,
          178586,
          178586,
          178586,
          null,
          null,
          1,
          12,
          12,
          178584,
          178584,
          178584,
          178584,
          178584,
          178584,
          178584,
          178584,
          178584,
          178584,
          null,
          12,
          null,
          null
        ]
      },
      "/Users/yainporter/turing_work/1mod/projects/futbol/spec/game_teams_spec.rb": {
        "lines": [
          1,
          null,
          1,
          1,
          1,
          null,
          null,
          1,
          1,
          1,
          1,
          1,
          1,
          1,
          1,
          1,
          1,
          null,
          null,
          1,
          1,
          1,
          14882,
          null,
          null,
          null
        ]
      },
      "/Users/yainporter/turing_work/1mod/projects/futbol/spec/stat_tracker_spec.rb": {
        "lines": [
          1,
          null,
          1,
          1,
          1,
          1,
          null,
          null,
          1,
          1,
          1,
          null,
          null,
          1,
          1,
          1,
          null,
          null,
          1,
          1,
          null,
          1,
          null,
          null,
          1,
          1,
          null,
          1,
          null,
          null,
          1,
          1,
          null,
          1,
          null,
          null,
          1,
          1,
          null,
          1,
          1,
          null,
          null,
          1,
          1,
          null,
          1,
          null,
          null,
          1,
          1,
          null,
          1,
          null,
          1,
          null,
          null,
          null,
          null,
          null,
          null,
          1,
          null,
          null,
          1,
          1,
          null,
          1,
          1,
          null,
          null
        ]
      },
      "/Users/yainporter/turing_work/1mod/projects/futbol/spec/teams_spec.rb": {
        "lines": [
          1,
          null,
          1,
          1,
          1,
          null,
          null,
          1,
          1,
          1,
          1,
          null,
          null,
          1,
          1,
          1,
          32,
          null,
          null,
          null
        ]
      }
    },
    "timestamp": 1699495259
  }
}
